c:\users\pswsj\source\repos\incomputer\incomputer\x64\release\vc141.pdb
c:\users\pswsj\source\repos\incomputer\incomputer\x64\release\skill.obj
c:\users\pswsj\source\repos\incomputer\incomputer\x64\release\monsterdot.obj
c:\users\pswsj\source\repos\incomputer\incomputer\x64\release\monster.obj
c:\users\pswsj\source\repos\incomputer\incomputer\x64\release\minimap.obj
c:\users\pswsj\source\repos\incomputer\incomputer\x64\release\maincontrol.obj
c:\users\pswsj\source\repos\incomputer\incomputer\x64\release\main.obj
c:\users\pswsj\source\repos\incomputer\incomputer\x64\release\floordot.obj
c:\users\pswsj\source\repos\incomputer\incomputer\x64\release\floor.obj
c:\users\pswsj\source\repos\incomputer\incomputer\x64\release\timer.obj
c:\users\pswsj\source\repos\incomputer\incomputer\x64\release\game2d.obj
c:\users\pswsj\source\repos\incomputer\incomputer\x64\release\drawfunctions.obj
c:\users\pswsj\source\repos\incomputer\incomputer\x64\release\drawskill.obj
c:\users\pswsj\source\repos\incomputer\incomputer\x64\release\drawdot.obj
c:\users\pswsj\source\repos\incomputer\incomputer\x64\release\drawalphabet.obj
c:\users\pswsj\source\repos\incomputer\incomputer\x64\release\characterdot.obj
c:\users\pswsj\source\repos\incomputer\incomputer\x64\release\character.obj
c:\users\pswsj\source\repos\incomputer\incomputer\x64\release\dialogue.obj
c:\users\pswsj\source\repos\incomputer\incomputer\x64\release\drawnpc.obj
c:\users\pswsj\source\repos\incomputer\incomputer\x64\release\npc.obj
c:\users\pswsj\source\repos\incomputer\incomputer\x64\release\map1.obj
c:\users\pswsj\source\repos\incomputer\incomputer\x64\release\map0.obj
c:\users\pswsj\source\repos\incomputer\incomputer\x64\release\map_die.obj
c:\users\pswsj\source\repos\incomputer\incomputer\x64\release\source.obj
c:\users\pswsj\source\repos\incomputer\incomputer\x64\release\map2.obj
c:\users\pswsj\source\repos\incomputer\incomputer\x64\release\map3.obj
c:\users\pswsj\source\repos\incomputer\incomputer\x64\release\map4.obj
c:\users\pswsj\source\repos\incomputer\incomputer\x64\release\map5.obj
c:\users\pswsj\source\repos\incomputer\x64\release\incomputer.ipdb
c:\users\pswsj\source\repos\incomputer\x64\release\incomputer.iobj
c:\users\pswsj\source\repos\incomputer\incomputer\x64\release\vcpkg.applocal.log
c:\users\pswsj\source\repos\incomputer\x64\release\glew32.dll
c:\users\pswsj\source\repos\incomputer\x64\release\glfw3.dll
c:\users\pswsj\source\repos\incomputer\x64\release\incomputer.exe
c:\users\pswsj\source\repos\incomputer\x64\release\incomputer.pdb
c:\users\pswsj\source\repos\incomputer\incomputer\x64\release\incomputer.tlog\cl.command.1.tlog
c:\users\pswsj\source\repos\incomputer\incomputer\x64\release\incomputer.tlog\cl.read.1.tlog
c:\users\pswsj\source\repos\incomputer\incomputer\x64\release\incomputer.tlog\cl.write.1.tlog
c:\users\pswsj\source\repos\incomputer\incomputer\x64\release\incomputer.tlog\incomputer.write.1u.tlog
c:\users\pswsj\source\repos\incomputer\incomputer\x64\release\incomputer.tlog\link.command.1.tlog
c:\users\pswsj\source\repos\incomputer\incomputer\x64\release\incomputer.tlog\link.read.1.tlog
c:\users\pswsj\source\repos\incomputer\incomputer\x64\release\incomputer.tlog\link.write.1.tlog
